#
# A fatal error has been detected by the Java Runtime Environment:
#
#  SIGSEGV (0xb) at pc=0xb6be47ab, pid=11744, tid=3059399488
#
# JRE version: OpenJDK Runtime Environment (7.0_65-b32) (build 1.7.0_65-b32)
# Java VM: OpenJDK Server VM (24.65-b04 mixed mode linux-x86 )
# Derivative: IcedTea 2.5.3
# Distribution: Ubuntu 14.04 LTS, package 7u71-2.5.3-0ubuntu0.14.04.1
# Problematic frame:
# V  [libjvm.so+0x4ec7ab]  JVM_FillInStackTrace+0x4b
#
# Failed to write core dump. Core dumps have been disabled. To enable core dumping, try "ulimit -c unlimited" before starting Java again
#
# If you would like to submit a bug report, please include
# instructions on how to reproduce the bug and visit:
#   http://icedtea.classpath.org/bugzilla
#

---------------  T H R E A D  ---------------

Current thread (0xb6409c00):  JavaThread "main" [_thread_in_vm, id=11751, stack(0xb655b000,0xb65ac000)]

siginfo:si_signo=SIGSEGV: si_errno=0, si_code=1 (SEGV_MAPERR), si_addr=0x00000000

Registers:
EAX=0x00000000, EBX=0xb7136000, ECX=0xb6409d28, EDX=0xb715324c
ESP=0xb65aae10, EBP=0xb65aae58, ESI=0x00000000, EDI=0xb6409c00
EIP=0xb6be47ab, EFLAGS=0x00010282, CR2=0x00000000

Top of Stack: (sp=0xb65aae10)
0xb65aae10:   000000b6 b6409c00 9f347280 b65aae5c
0xb65aae20:   b640a4a0 b640a4a4 b640a000 b6551000
0xb65aae30:   00000000 b6409c00 b65aae58 b65395b5
0xb65aae40:   b6409d28 00000000 b303a034 b653959a
0xb65aae50:   6db5c620 6db5c61c b65aae94 b302e3a6
0xb65aae60:   b6409d28 00000000 9f347028 0000000a
0xb65aae70:   00000000 b65aae74 00000000 b65aaea8
0xb65aae80:   6dbc89b0 00000000 6db5c620 00000000 

Instructions: (pc=0xb6be47ab)
0xb6be478b:   74 17 8b 87 70 01 00 00 3d ac de 00 00 74 0a 89
0xb6be479b:   3c 24 31 ff e8 6c f9 2c 00 89 f8 e8 f5 e4 ff ff
0xb6be47ab:   8b 2e 31 c0 85 ed 74 1f 8b b7 ac 00 00 00 8b 46
0xb6be47bb:   08 83 f8 fb 77 6f 8d 50 04 3b 56 0c 0f 87 8c 00 

Register to memory mapping:

EAX=0x00000000 is an unknown value
EBX=0xb7136000: <offset 0xa3e000> in /usr/lib/jvm/java-7-openjdk-i386/jre/lib/i386/server/libjvm.so at 0xb66f8000
ECX=0xb6409d28 is an unknown value
EDX=0xb715324c: <offset 0xa5b24c> in /usr/lib/jvm/java-7-openjdk-i386/jre/lib/i386/server/libjvm.so at 0xb66f8000
ESP=0xb65aae10 is pointing into the stack for thread: 0xb6409c00
EBP=0xb65aae58 is pointing into the stack for thread: 0xb6409c00
ESI=0x00000000 is an unknown value
EDI=0xb6409c00 is a thread


Stack: [0xb655b000,0xb65ac000],  sp=0xb65aae10,  free space=319k
Native frames: (J=compiled Java code, j=interpreted, Vv=VM code, C=native code)
V  [libjvm.so+0x4ec7ab]  JVM_FillInStackTrace+0x4b
j  java.lang.Throwable.fillInStackTrace(I)Ljava/lang/Throwable;+0
j  com.fis.report.common.Util.getAverageStringNumber(Ljava/util/Vector;)Ljava/lang/String;+89
j  com.fis.report.Pms3GWeeklyReport.fillData(Lcom/smartxls/WorkBook;II)V+356
j  com.fis.report.Pms3GWeeklyReport.fillAverageData(Lcom/smartxls/WorkBook;II)V+109
j  com.fis.report.Pms3GWeeklyReport.createSheet(Lcom/smartxls/WorkBook;II)V+9
j  com.fis.report.Pms3GWeeklyReport.toExcel(Ljava/sql/Connection;Ljava/lang/String;Ljava/lang/String;)V+43
j  com.fis.report.Pms3GWeeklyReport.main([Ljava/lang/String;)V+56
v  ~StubRoutines::call_stub
V  [libjvm.so+0x4b2eb6]  JavaCalls::call_helper(JavaValue*, methodHandle*, JavaCallArguments*, Thread*)+0x386

Java frames: (J=compiled Java code, j=interpreted, Vv=VM code)
j  java.lang.Throwable.fillInStackTrace(I)Ljava/lang/Throwable;+0
j  com.fis.report.common.Util.getAverageStringNumber(Ljava/util/Vector;)Ljava/lang/String;+89
j  com.fis.report.Pms3GWeeklyReport.fillData(Lcom/smartxls/WorkBook;II)V+356
j  com.fis.report.Pms3GWeeklyReport.fillAverageData(Lcom/smartxls/WorkBook;II)V+109
j  com.fis.report.Pms3GWeeklyReport.createSheet(Lcom/smartxls/WorkBook;II)V+9
j  com.fis.report.Pms3GWeeklyReport.toExcel(Ljava/sql/Connection;Ljava/lang/String;Ljava/lang/String;)V+43
j  com.fis.report.Pms3GWeeklyReport.main([Ljava/lang/String;)V+56
v  ~StubRoutines::call_stub

---------------  P R O C E S S  ---------------

Java Threads: ( => current thread )
  0x6a204c00 JavaThread "UCP-worker-thread-1" daemon [_thread_blocked, id=11773, stack(0x69924000,0x69975000)]
  0x6987e400 JavaThread "Timer-0" daemon [_thread_blocked, id=11772, stack(0x69975000,0x699c6000)]
  0x6a6af800 JavaThread "Service Thread" daemon [_thread_blocked, id=11770, stack(0x6a0ad000,0x6a0fe000)]
  0x6a6adc00 JavaThread "C2 CompilerThread1" daemon [_thread_blocked, id=11769, stack(0x6a0fe000,0x6a17f000)]
  0x6a6abc00 JavaThread "C2 CompilerThread0" daemon [_thread_blocked, id=11768, stack(0x6a17f000,0x6a200000)]
  0x6a400800 JavaThread "JDWP Command Reader" daemon [_thread_in_native, id=11765, stack(0x6a30d000,0x6a35e000)]
  0x6a6aa000 JavaThread "JDWP Event Helper Thread" daemon [_thread_blocked, id=11764, stack(0x6a35e000,0x6a3af000)]
  0x6a6a7800 JavaThread "JDWP Transport Listener: dt_socket" daemon [_thread_blocked, id=11761, stack(0x6a3af000,0x6a400000)]
  0x6a69ec00 JavaThread "Signal Dispatcher" daemon [_thread_blocked, id=11759, stack(0x6a52e000,0x6a57f000)]
  0x6a68c800 JavaThread "Finalizer" daemon [_thread_blocked, id=11758, stack(0x6a70a000,0x6a75b000)]
  0x6a68b000 JavaThread "Reference Handler" daemon [_thread_blocked, id=11757, stack(0x6d12e000,0x6d17f000)]
=>0xb6409c00 JavaThread "main" [_thread_in_vm, id=11751, stack(0xb655b000,0xb65ac000)]

Other Threads:
  0x6a688800 VMThread [stack: 0x6a57f000,0x6a600000] [id=11756]
  0x6a6b1800 WatcherThread [stack: 0x6a02c000,0x6a0ad000] [id=11771]

VM state:not at safepoint (normal execution)

VM Mutex/Monitor currently owned by a thread: None

Heap
 PSYoungGen      total 18432K, used 13784K [0x9e880000, 0x9fd00000, 0xb2f40000)
  eden space 15872K, 70% used [0x9e880000,0x9f376800,0x9f800000)
  from space 2560K, 99% used [0x9fa80000,0x9fcffad8,0x9fd00000)
  to   space 2560K, 0% used [0x9f800000,0x9f800000,0x9fa80000)
 ParOldGen       total 41728K, used 2340K [0x75b40000, 0x78400000, 0x9e880000)
  object space 41728K, 5% used [0x75b40000,0x75d89238,0x78400000)
 PSPermGen       total 16384K, used 13043K [0x6db40000, 0x6eb40000, 0x75b40000)
  object space 16384K, 79% used [0x6db40000,0x6e7fcf98,0x6eb40000)

Card table byte_map: [0x6d915000,0x6db40000] byte_map_base: 0x6d5a7600

Polling page: 0xb775a000

Code Cache  [0xb301e000, 0xb325e000, 0xb601e000)
 total_blobs=312 nmethods=140 adapters=133 free_code_cache=48476Kb largest_free_block=49615872

Compilation events (10 events):
Event: 18.592 Thread 0x6a6abc00  136             P.Z::isUndoRollback (17 bytes)
Event: 18.592 Thread 0x6a6abc00 nmethod 136 0xb30b9588 code [0xb30b9660, 0xb30b96b0]
Event: 18.592 Thread 0x6a6adc00  137             P.Z::isUndoSave (17 bytes)
Event: 18.593 Thread 0x6a6adc00 nmethod 137 0xb30c6a08 code [0xb30c6ae0, 0xb30c6b30]
Event: 18.593 Thread 0x6a6abc00  138             X.ND::<init> (5 bytes)
Event: 18.594 Thread 0x6a6abc00 nmethod 138 0xb30c67c8 code [0xb30c68a0, 0xb30c68f0]
Event: 18.604 Thread 0x6a6adc00  139             sun.nio.cs.UTF_8$Decoder::decode (640 bytes)
Event: 18.631 Thread 0x6a6adc00 nmethod 139 0xb30ca4c8 code [0xb30ca7a0, 0xb30cb6d8]
Event: 18.787 Thread 0x6a6abc00  140             java.nio.DirectLongBufferU::ix (10 bytes)
Event: 18.788 Thread 0x6a6abc00 nmethod 140 0xb30a9f48 code [0xb30aa020, 0xb30aa070]

GC Heap History (4 events):
Event: 2.387 GC heap before
{Heap before GC invocations=1 (full 0):
 PSYoungGen      total 18432K, used 15872K [0x9e880000, 0x9fd00000, 0xb2f40000)
  eden space 15872K, 100% used [0x9e880000,0x9f800000,0x9f800000)
  from space 2560K, 0% used [0x9fa80000,0x9fa80000,0x9fd00000)
  to   space 2560K, 0% used [0x9f800000,0x9f800000,0x9fa80000)
 ParOldGen       total 41728K, used 0K [0x75b40000, 0x78400000, 0x9e880000)
  object space 41728K, 0% used [0x75b40000,0x75b40000,0x78400000)
 PSPermGen       total 16384K, used 7158K [0x6db40000, 0x6eb40000, 0x75b40000)
  object space 16384K, 43% used [0x6db40000,0x6e23da08,0x6eb40000)
Event: 2.392 GC heap after
Heap after GC invocations=1 (full 0):
 PSYoungGen      total 18432K, used 2551K [0x9e880000, 0x9fd00000, 0xb2f40000)
  eden space 15872K, 0% used [0x9e880000,0x9e880000,0x9f800000)
  from space 2560K, 99% used [0x9f800000,0x9fa7dc68,0x9fa80000)
  to   space 2560K, 0% used [0x9fa80000,0x9fa80000,0x9fd00000)
 ParOldGen       total 41728K, used 736K [0x75b40000, 0x78400000, 0x9e880000)
  object space 41728K, 1% used [0x75b40000,0x75bf81b8,0x78400000)
 PSPermGen       total 16384K, used 7158K [0x6db40000, 0x6eb40000, 0x75b40000)
  object space 16384K, 43% used [0x6db40000,0x6e23da08,0x6eb40000)
}
Event: 3.868 GC heap before
{Heap before GC invocations=2 (full 0):
 PSYoungGen      total 18432K, used 18423K [0x9e880000, 0x9fd00000, 0xb2f40000)
  eden space 15872K, 100% used [0x9e880000,0x9f800000,0x9f800000)
  from space 2560K, 99% used [0x9f800000,0x9fa7dc68,0x9fa80000)
  to   space 2560K, 0% used [0x9fa80000,0x9fa80000,0x9fd00000)
 ParOldGen       total 41728K, used 736K [0x75b40000, 0x78400000, 0x9e880000)
  object space 41728K, 1% used [0x75b40000,0x75bf81b8,0x78400000)
 PSPermGen       total 16384K, used 10462K [0x6db40000, 0x6eb40000, 0x75b40000)
  object space 16384K, 63% used [0x6db40000,0x6e577ba8,0x6eb40000)
Event: 3.877 GC heap after
Heap after GC invocations=2 (full 0):
 PSYoungGen      total 18432K, used 2558K [0x9e880000, 0x9fd00000, 0xb2f40000)
  eden space 15872K, 0% used [0x9e880000,0x9e880000,0x9f800000)
  from space 2560K, 99% used [0x9fa80000,0x9fcffad8,0x9fd00000)
  to   space 2560K, 0% used [0x9f800000,0x9f800000,0x9fa80000)
 ParOldGen       total 41728K, used 2340K [0x75b40000, 0x78400000, 0x9e880000)
  object space 41728K, 5% used [0x75b40000,0x75d89238,0x78400000)
 PSPermGen       total 16384K, used 10462K [0x6db40000, 0x6eb40000, 0x75b40000)
  object space 16384K, 63% used [0x6db40000,0x6e577ba8,0x6eb40000)
}

Deoptimization events (10 events):
Event: 2.523 Thread 0xb6409c00 Uncommon trap: reason=unreached action=reinterpret pc=0xb308028c method=java.lang.Class$MethodArray.addIfNotPresent(Ljava/lang/reflect/Method;)V @ 19
Event: 2.548 Thread 0xb6409c00 Uncommon trap: reason=unreached action=reinterpret pc=0xb308d4cc method=java.io.DataOutputStream.writeUTF(Ljava/lang/String;Ljava/io/DataOutput;)I @ 128
Event: 2.593 Thread 0xb6409c00 Uncommon trap: reason=unreached action=reinterpret pc=0xb309a770 method=sun.misc.URLClassPath$JarLoader.getResource(Ljava/lang/String;Z)Lsun/misc/Resource; @ 4
Event: 2.593 Thread 0xb6409c00 Uncommon trap: reason=unreached action=reinterpret pc=0xb3090844 method=sun.misc.URLClassPath$JarLoader.getResource(Ljava/lang/String;Z)Lsun/misc/Resource; @ 4
Event: 2.593 Thread 0xb6409c00 Uncommon trap: reason=unreached action=reinterpret pc=0xb3087778 method=java.util.zip.ZipCoder.encoder()Ljava/nio/charset/CharsetEncoder; @ 4
Event: 2.909 Thread 0xb6409c00 Uncommon trap: reason=class_check action=maybe_recompile pc=0xb3085774 method=sun.misc.ProxyGenerator$ConstantPool$IndirectEntry.equals(Ljava/lang/Object;)Z @ 1
Event: 2.910 Thread 0xb6409c00 Uncommon trap: reason=class_check action=maybe_recompile pc=0xb30848e8 method=sun.misc.ProxyGenerator$ConstantPool$IndirectEntry.equals(Ljava/lang/Object;)Z @ 1
Event: 2.919 Thread 0xb6409c00 Uncommon trap: reason=class_check action=maybe_recompile pc=0xb3085774 method=sun.misc.ProxyGenerator$ConstantPool$IndirectEntry.equals(Ljava/lang/Object;)Z @ 1
Event: 2.919 Thread 0xb6409c00 Uncommon trap: reason=class_check action=maybe_recompile pc=0xb30848e8 method=sun.misc.ProxyGenerator$ConstantPool$IndirectEntry.equals(Ljava/lang/Object;)Z @ 1
Event: 2.921 Thread 0xb6409c00 Uncommon trap: reason=class_check action=maybe_recompile pc=0xb3085774 method=sun.misc.ProxyGenerator$ConstantPool$IndirectEntry.equals(Ljava/lang/Object;)Z @ 1

Internal exceptions (10 events):
Event: 18.844 Thread 0xb6409c00 Threw 0x9f31da38 at /build/buildd/openjdk-7-7u71-2.5.3/build/openjdk/hotspot/src/share/vm/prims/jvm.cpp:1284
Event: 18.845 Thread 0xb6409c00 Threw 0x9f320520 at /build/buildd/openjdk-7-7u71-2.5.3/build/openjdk/hotspot/src/share/vm/prims/jvm.cpp:1284
Event: 18.845 Thread 0xb6409c00 Threw 0x9f323008 at /build/buildd/openjdk-7-7u71-2.5.3/build/openjdk/hotspot/src/share/vm/prims/jvm.cpp:1284
Event: 18.845 Thread 0xb6409c00 Threw 0x9f325ab8 at /build/buildd/openjdk-7-7u71-2.5.3/build/openjdk/hotspot/src/share/vm/prims/jvm.cpp:1284
Event: 18.847 Thread 0xb6409c00 Threw 0x9f329178 at /build/buildd/openjdk-7-7u71-2.5.3/build/openjdk/hotspot/src/share/vm/prims/jvm.cpp:1284
Event: 18.848 Thread 0xb6409c00 Threw 0x9f32bd68 at /build/buildd/openjdk-7-7u71-2.5.3/build/openjdk/hotspot/src/share/vm/prims/jvm.cpp:1284
Event: 18.848 Thread 0xb6409c00 Threw 0x9f32e838 at /build/buildd/openjdk-7-7u71-2.5.3/build/openjdk/hotspot/src/share/vm/prims/jvm.cpp:1284
Event: 18.848 Thread 0xb6409c00 Threw 0x9f331348 at /build/buildd/openjdk-7-7u71-2.5.3/build/openjdk/hotspot/src/share/vm/prims/jvm.cpp:1284
Event: 18.849 Thread 0xb6409c00 Threw 0x9f333d88 at /build/buildd/openjdk-7-7u71-2.5.3/build/openjdk/hotspot/src/share/vm/prims/jvm.cpp:1284
Event: 18.849 Thread 0xb6409c00 Threw 0x9f336790 at /build/buildd/openjdk-7-7u71-2.5.3/build/openjdk/hotspot/src/share/vm/prims/jvm.cpp:1284

Events (10 events):
Event: 27.992 Executing VM operation: ChangeSingleStep
Event: 27.992 Executing VM operation: ChangeSingleStep done
Event: 35.434 Executing VM operation: GetOrSetLocal
Event: 35.434 Executing VM operation: GetOrSetLocal done
Event: 35.435 Executing VM operation: GetOrSetLocal
Event: 35.435 Executing VM operation: GetOrSetLocal done
Event: 35.435 Executing VM operation: GetOrSetLocal
Event: 35.435 Executing VM operation: GetOrSetLocal done
Event: 35.435 Executing VM operation: GetOrSetLocal
Event: 35.435 Executing VM operation: GetOrSetLocal done


Dynamic libraries:
08048000-08049000 r-xp 00000000 08:07 1368284    /usr/lib/jvm/java-7-openjdk-i386/jre/bin/java
08049000-0804a000 r--p 00000000 08:07 1368284    /usr/lib/jvm/java-7-openjdk-i386/jre/bin/java
0804a000-0804b000 rw-p 00001000 08:07 1368284    /usr/lib/jvm/java-7-openjdk-i386/jre/bin/java
08195000-081b6000 rw-p 00000000 00:00 0          [heap]
68882000-68a92000 rw-p 00000000 00:00 0 
68a92000-68ab8000 r-xp 00000000 08:07 524233     /lib/i386-linux-gnu/libpng12.so.0.50.0
68ab8000-68ab9000 r--p 00025000 08:07 524233     /lib/i386-linux-gnu/libpng12.so.0.50.0
68ab9000-68aba000 rw-p 00026000 08:07 524233     /lib/i386-linux-gnu/libpng12.so.0.50.0
68aba000-68b03000 r-xp 00000000 08:07 523325     /lib/i386-linux-gnu/libdbus-1.so.3.7.6
68b03000-68b04000 r--p 00048000 08:07 523325     /lib/i386-linux-gnu/libdbus-1.so.3.7.6
68b04000-68b05000 rw-p 00049000 08:07 523325     /lib/i386-linux-gnu/libdbus-1.so.3.7.6
68b05000-68b3c000 r-xp 00000000 08:07 1313890    /usr/lib/i386-linux-gnu/libp11-kit.so.0.0.0
68b3c000-68b3d000 ---p 00037000 08:07 1313890    /usr/lib/i386-linux-gnu/libp11-kit.so.0.0.0
68b3d000-68b40000 r--p 00037000 08:07 1313890    /usr/lib/i386-linux-gnu/libp11-kit.so.0.0.0
68b40000-68b41000 rw-p 0003a000 08:07 1313890    /usr/lib/i386-linux-gnu/libp11-kit.so.0.0.0
68b41000-68b53000 r-xp 00000000 08:07 1309258    /usr/lib/i386-linux-gnu/libtasn1.so.6.2.0
68b53000-68b54000 r--p 00011000 08:07 1309258    /usr/lib/i386-linux-gnu/libtasn1.so.6.2.0
68b54000-68b55000 rw-p 00012000 08:07 1309258    /usr/lib/i386-linux-gnu/libtasn1.so.6.2.0
68b55000-68bd7000 r-xp 00000000 08:07 523587     /lib/i386-linux-gnu/libgcrypt.so.11.8.2
68bd7000-68bd8000 ---p 00082000 08:07 523587     /lib/i386-linux-gnu/libgcrypt.so.11.8.2
68bd8000-68bd9000 r--p 00082000 08:07 523587     /lib/i386-linux-gnu/libgcrypt.so.11.8.2
68bd9000-68bdb000 rw-p 00083000 08:07 523587     /lib/i386-linux-gnu/libgcrypt.so.11.8.2
68bdb000-68bdc000 rw-p 00000000 00:00 0 
68bdc000-68be6000 r-xp 00000000 08:07 1310113    /usr/lib/i386-linux-gnu/libkrb5support.so.0.1
68be6000-68be7000 r--p 00009000 08:07 1310113    /usr/lib/i386-linux-gnu/libkrb5support.so.0.1
68be7000-68be8000 rw-p 0000a000 08:07 1310113    /usr/lib/i386-linux-gnu/libkrb5support.so.0.1
68be8000-68c16000 r-xp 00000000 08:07 1311132    /usr/lib/i386-linux-gnu/libk5crypto.so.3.1
68c16000-68c17000 r--p 0002d000 08:07 1311132    /usr/lib/i386-linux-gnu/libk5crypto.so.3.1
68c17000-68c18000 rw-p 0002e000 08:07 1311132    /usr/lib/i386-linux-gnu/libk5crypto.so.3.1
68c18000-68ccf000 r-xp 00000000 08:07 1310111    /usr/lib/i386-linux-gnu/libkrb5.so.3.3
68ccf000-68cd5000 r--p 000b7000 08:07 1310111    /usr/lib/i386-linux-gnu/libkrb5.so.3.3
68cd5000-68cd6000 rw-p 000bd000 08:07 1310111    /usr/lib/i386-linux-gnu/libkrb5.so.3.3
68cd6000-68cfb000 r-xp 00000000 08:07 524261     /lib/i386-linux-gnu/libexpat.so.1.6.0
68cfb000-68cfc000 ---p 00025000 08:07 524261     /lib/i386-linux-gnu/libexpat.so.1.6.0
68cfc000-68cfe000 r--p 00025000 08:07 524261     /lib/i386-linux-gnu/libexpat.so.1.6.0
68cfe000-68cff000 rw-p 00027000 08:07 524261     /lib/i386-linux-gnu/libexpat.so.1.6.0
68cff000-68d99000 r-xp 00000000 08:07 1308527    /usr/lib/i386-linux-gnu/libfreetype.so.6.11.1
68d99000-68d9a000 ---p 0009a000 08:07 1308527    /usr/lib/i386-linux-gnu/libfreetype.so.6.11.1
68d9a000-68d9e000 r--p 0009a000 08:07 1308527    /usr/lib/i386-linux-gnu/libfreetype.so.6.11.1
68d9e000-68d9f000 rw-p 0009e000 08:07 1308527    /usr/lib/i386-linux-gnu/libfreetype.so.6.11.1
68d9f000-68e60000 r-xp 00000000 08:07 1309356    /usr/lib/i386-linux-gnu/libgnutls.so.26.22.6
68e60000-68e64000 r--p 000c0000 08:07 1309356    /usr/lib/i386-linux-gnu/libgnutls.so.26.22.6
68e64000-68e65000 rw-p 000c4000 08:07 1309356    /usr/lib/i386-linux-gnu/libgnutls.so.26.22.6
68e65000-68ea8000 r-xp 00000000 08:07 1310109    /usr/lib/i386-linux-gnu/libgssapi_krb5.so.2.2
68ea8000-68ea9000 r--p 00042000 08:07 1310109    /usr/lib/i386-linux-gnu/libgssapi_krb5.so.2.2
68ea9000-68eaa000 rw-p 00043000 08:07 1310109    /usr/lib/i386-linux-gnu/libgssapi_krb5.so.2.2
68eaa000-68eca000 r-xp 00000000 08:07 1317700    /usr/lib/i386-linux-gnu/libxcb.so.1.1.0
68eca000-68ecb000 r--p 0001f000 08:07 1317700    /usr/lib/i386-linux-gnu/libxcb.so.1.1.0
68ecb000-68ecc000 rw-p 00020000 08:07 1317700    /usr/lib/i386-linux-gnu/libxcb.so.1.1.0
68ecc000-68ffc000 r-xp 00000000 08:07 1319546    /usr/lib/i386-linux-gnu/libX11.so.6.3.0
68ffc000-68ffd000 r--p 00130000 08:07 1319546    /usr/lib/i386-linux-gnu/libX11.so.6.3.0
68ffd000-68fff000 rw-p 00131000 08:07 1319546    /usr/lib/i386-linux-gnu/libX11.so.6.3.0
68fff000-69000000 rw-p 00000000 00:00 0 
69000000-69051000 rw-p 00000000 00:00 0 
69051000-69100000 ---p 00000000 00:00 0 
69102000-69105000 r-xp 00000000 08:07 524253     /lib/i386-linux-gnu/libgpg-error.so.0.10.0
69105000-69106000 r--p 00002000 08:07 524253     /lib/i386-linux-gnu/libgpg-error.so.0.10.0
69106000-69107000 rw-p 00003000 08:07 524253     /lib/i386-linux-gnu/libgpg-error.so.0.10.0
69107000-6910a000 r-xp 00000000 08:07 524240     /lib/i386-linux-gnu/libcom_err.so.2.1
6910a000-6910b000 r--p 00002000 08:07 524240     /lib/i386-linux-gnu/libcom_err.so.2.1
6910b000-6910c000 rw-p 00003000 08:07 524240     /lib/i386-linux-gnu/libcom_err.so.2.1
6910c000-69145000 r-xp 00000000 08:07 1308357    /usr/lib/i386-linux-gnu/libfontconfig.so.1.8.0
69145000-69146000 r--p 00039000 08:07 1308357    /usr/lib/i386-linux-gnu/libfontconfig.so.1.8.0
69146000-69147000 rw-p 0003a000 08:07 1308357    /usr/lib/i386-linux-gnu/libfontconfig.so.1.8.0
69147000-691ae000 r-xp 00000000 08:07 1309031    /usr/lib/i386-linux-gnu/libcups.so.2
691ae000-691af000 ---p 00067000 08:07 1309031    /usr/lib/i386-linux-gnu/libcups.so.2
691af000-691b3000 r--p 00067000 08:07 1309031    /usr/lib/i386-linux-gnu/libcups.so.2
691b3000-691b4000 rw-p 0006b000 08:07 1309031    /usr/lib/i386-linux-gnu/libcups.so.2
691b4000-691fc000 r-xp 00000000 08:07 1308444    /usr/lib/jvm/java-7-openjdk-i386/jre/lib/i386/xawt/libmawt.so
691fc000-691fd000 r--p 00047000 08:07 1308444    /usr/lib/jvm/java-7-openjdk-i386/jre/lib/i386/xawt/libmawt.so
691fd000-691ff000 rw-p 00048000 08:07 1308444    /usr/lib/jvm/java-7-openjdk-i386/jre/lib/i386/xawt/libmawt.so
691ff000-69200000 rw-p 00000000 00:00 0 
69200000-6925d000 rw-p 00000000 00:00 0 
6925d000-69300000 ---p 00000000 00:00 0 
69301000-69311000 r-xp 00000000 08:07 1308697    /usr/lib/i386-linux-gnu/libavahi-client.so.3.2.9
69311000-69312000 r--p 0000f000 08:07 1308697    /usr/lib/i386-linux-gnu/libavahi-client.so.3.2.9
69312000-69313000 rw-p 00010000 08:07 1308697    /usr/lib/i386-linux-gnu/libavahi-client.so.3.2.9
69313000-6931f000 r-xp 00000000 08:07 1308515    /usr/lib/i386-linux-gnu/libavahi-common.so.3.5.3
6931f000-69320000 r--p 0000b000 08:07 1308515    /usr/lib/i386-linux-gnu/libavahi-common.so.3.5.3
69320000-69321000 rw-p 0000c000 08:07 1308515    /usr/lib/i386-linux-gnu/libavahi-common.so.3.5.3
69321000-69330000 r-xp 00000000 08:07 1313539    /usr/lib/i386-linux-gnu/libXi.so.6.1.0
69330000-69331000 r--p 0000e000 08:07 1313539    /usr/lib/i386-linux-gnu/libXi.so.6.1.0
69331000-69332000 rw-p 0000f000 08:07 1313539    /usr/lib/i386-linux-gnu/libXi.so.6.1.0
69332000-69343000 r-xp 00000000 08:07 1313531    /usr/lib/i386-linux-gnu/libXext.so.6.4.0
69343000-69344000 r--p 00010000 08:07 1313531    /usr/lib/i386-linux-gnu/libXext.so.6.4.0
69344000-69345000 rw-p 00011000 08:07 1313531    /usr/lib/i386-linux-gnu/libXext.so.6.4.0
69345000-693d4000 r-xp 00000000 08:07 1315156    /usr/lib/jvm/java-7-openjdk-i386/jre/lib/i386/libawt.so
693d4000-693d5000 r--p 0008f000 08:07 1315156    /usr/lib/jvm/java-7-openjdk-i386/jre/lib/i386/libawt.so
693d5000-693dc000 rw-p 00090000 08:07 1315156    /usr/lib/jvm/java-7-openjdk-i386/jre/lib/i386/libawt.so
693dc000-69400000 rw-p 00000000 00:00 0 
69400000-694eb000 rw-p 00000000 00:00 0 
694eb000-69500000 ---p 00000000 00:00 0 
69500000-69600000 rw-p 00000000 00:00 0 
69600000-69700000 rw-p 00000000 00:00 0 
69700000-697ce000 rw-p 00000000 00:00 0 
697ce000-69800000 ---p 00000000 00:00 0 
69800000-698f1000 rw-p 00000000 00:00 0 
698f1000-69900000 ---p 00000000 00:00 0 
69900000-69902000 r-xp 00000000 08:07 524220     /lib/i386-linux-gnu/libkeyutils.so.1.4
69902000-69903000 r--p 00002000 08:07 524220     /lib/i386-linux-gnu/libkeyutils.so.1.4
69903000-69904000 rw-p 00003000 08:07 524220     /lib/i386-linux-gnu/libkeyutils.so.1.4
69904000-69909000 r-xp 00000000 08:07 1313529    /usr/lib/i386-linux-gnu/libXdmcp.so.6.0.0
69909000-6990a000 r--p 00004000 08:07 1313529    /usr/lib/i386-linux-gnu/libXdmcp.so.6.0.0
6990a000-6990b000 rw-p 00005000 08:07 1313529    /usr/lib/i386-linux-gnu/libXdmcp.so.6.0.0
69924000-69927000 ---p 00000000 00:00 0 
69927000-69975000 rw-p 00000000 00:00 0          [stack:11773]
69975000-69978000 ---p 00000000 00:00 0 
69978000-699c6000 rw-p 00000000 00:00 0          [stack:11772]
699c6000-699e3000 r--s 002ba000 08:05 201389     /media/sonhung/MOUNTHERO/FIS-TES/Ubuntu/Ubuntu-FIS-TES-Projects/PMSReport/libs/smartExcel/SX.jar
699e3000-69a1f000 r-xp 00000000 08:07 524192     /lib/i386-linux-gnu/libpcre.so.3.13.1
69a1f000-69a20000 r--p 0003b000 08:07 524192     /lib/i386-linux-gnu/libpcre.so.3.13.1
69a20000-69a21000 rw-p 0003c000 08:07 524192     /lib/i386-linux-gnu/libpcre.so.3.13.1
69a21000-69b2b000 r-xp 00000000 08:07 523494     /lib/i386-linux-gnu/libglib-2.0.so.0.4002.0
69b2b000-69b2c000 r--p 00109000 08:07 523494     /lib/i386-linux-gnu/libglib-2.0.so.0.4002.0
69b2c000-69b2d000 rw-p 0010a000 08:07 523494     /lib/i386-linux-gnu/libglib-2.0.so.0.4002.0
69b2d000-69b7d000 r-xp 00000000 08:07 1312059    /usr/lib/i386-linux-gnu/libgobject-2.0.so.0.4002.0
69b7d000-69b7e000 r--p 0004f000 08:07 1312059    /usr/lib/i386-linux-gnu/libgobject-2.0.so.0.4002.0
69b7e000-69b7f000 rw-p 00050000 08:07 1312059    /usr/lib/i386-linux-gnu/libgobject-2.0.so.0.4002.0
69b7f000-69cfc000 r-xp 00000000 08:07 1312061    /usr/lib/i386-linux-gnu/libgio-2.0.so.0.4002.0
69cfc000-69cfe000 r--p 0017d000 08:07 1312061    /usr/lib/i386-linux-gnu/libgio-2.0.so.0.4002.0
69cfe000-69cff000 rw-p 0017f000 08:07 1312061    /usr/lib/i386-linux-gnu/libgio-2.0.so.0.4002.0
69cff000-69d00000 rw-p 00000000 00:00 0 
69d00000-69dfa000 rw-p 00000000 00:00 0 
69dfa000-69e00000 ---p 00000000 00:00 0 
69e00000-69e09000 r-xp 00000000 08:07 1313553    /usr/lib/i386-linux-gnu/libXrender.so.1.3.0
69e09000-69e0a000 r--p 00008000 08:07 1313553    /usr/lib/i386-linux-gnu/libXrender.so.1.3.0
69e0a000-69e0b000 rw-p 00009000 08:07 1313553    /usr/lib/i386-linux-gnu/libXrender.so.1.3.0
69e0b000-69e14000 r-xp 00000000 08:07 1320890    /usr/lib/jvm/java-7-openjdk-i386/jre/lib/i386/libmanagement.so
69e14000-69e15000 r--p 00008000 08:07 1320890    /usr/lib/jvm/java-7-openjdk-i386/jre/lib/i386/libmanagement.so
69e15000-69e16000 rw-p 00009000 08:07 1320890    /usr/lib/jvm/java-7-openjdk-i386/jre/lib/i386/libmanagement.so
69e16000-69e29000 r-xp 00000000 08:07 524380     /lib/i386-linux-gnu/libresolv-2.19.so
69e29000-69e2a000 ---p 00013000 08:07 524380     /lib/i386-linux-gnu/libresolv-2.19.so
69e2a000-69e2b000 r--p 00013000 08:07 524380     /lib/i386-linux-gnu/libresolv-2.19.so
69e2b000-69e2c000 rw-p 00014000 08:07 524380     /lib/i386-linux-gnu/libresolv-2.19.so
69e2c000-69e2e000 rw-p 00000000 00:00 0 
69e2e000-69e6c000 r--s 0025d000 08:05 201363     /media/sonhung/MOUNTHERO/FIS-TES/Ubuntu/Ubuntu-FIS-TES-Projects/PMSReport/libs/apache_poi/xmlbeans-2.6.0.jar
69e6c000-69f00000 r--s 00401000 08:05 201342     /media/sonhung/MOUNTHERO/FIS-TES/Ubuntu/Ubuntu-FIS-TES-Projects/PMSReport/libs/apache_poi/poi-ooxml-schemas-3.9.jar
69f00000-69fff000 rw-p 00000000 00:00 0 
69fff000-6a000000 ---p 00000000 00:00 0 
6a002000-6a007000 r-xp 00000000 08:07 1313557    /usr/lib/i386-linux-gnu/libXtst.so.6.1.0
6a007000-6a008000 r--p 00004000 08:07 1313557    /usr/lib/i386-linux-gnu/libXtst.so.6.1.0
6a008000-6a009000 rw-p 00005000 08:07 1313557    /usr/lib/i386-linux-gnu/libXtst.so.6.1.0
6a009000-6a029000 r-xp 00000000 08:07 523361     /lib/i386-linux-gnu/libselinux.so.1
6a029000-6a02a000 r--p 0001f000 08:07 523361     /lib/i386-linux-gnu/libselinux.so.1
6a02a000-6a02b000 rw-p 00020000 08:07 523361     /lib/i386-linux-gnu/libselinux.so.1
6a02b000-6a02c000 rw-p 00000000 00:00 0 
6a02c000-6a02d000 ---p 00000000 00:00 0 
6a02d000-6a0ad000 rw-p 00000000 00:00 0          [stack:11771]
6a0ad000-6a0b0000 ---p 00000000 00:00 0 
6a0b0000-6a0fe000 rw-p 00000000 00:00 0          [stack:11770]
6a0fe000-6a101000 ---p 00000000 00:00 0 
6a101000-6a17f000 rw-p 00000000 00:00 0          [stack:11769]
6a17f000-6a182000 ---p 00000000 00:00 0 
6a182000-6a200000 rw-p 00000000 00:00 0          [stack:11768]
6a200000-6a221000 rw-p 00000000 00:00 0 
6a221000-6a300000 ---p 00000000 00:00 0 
6a303000-6a308000 r--s 0004c000 08:07 1321003    /usr/lib/jvm/java-7-openjdk-i386/jre/lib/jsse.jar
6a308000-6a30d000 r--s 00062000 08:05 201387     /media/sonhung/MOUNTHERO/FIS-TES/Ubuntu/Ubuntu-FIS-TES-Projects/PMSReport/libs/libs_base/ucp.jar
6a30d000-6a310000 ---p 00000000 00:00 0 
6a310000-6a35e000 rw-p 00000000 00:00 0          [stack:11765]
6a35e000-6a361000 ---p 00000000 00:00 0 
6a361000-6a3af000 rw-p 00000000 00:00 0          [stack:11764]
6a3af000-6a3b2000 ---p 00000000 00:00 0 
6a3b2000-6a400000 rw-p 00000000 00:00 0          [stack:11761]
6a400000-6a421000 rw-p 00000000 00:00 0 
6a421000-6a500000 ---p 00000000 00:00 0 
6a500000-6a502000 r-xp 00000000 08:07 1313518    /usr/lib/i386-linux-gnu/libXau.so.6.0.0
6a502000-6a503000 r--p 00001000 08:07 1313518    /usr/lib/i386-linux-gnu/libXau.so.6.0.0
6a503000-6a504000 rw-p 00002000 08:07 1313518    /usr/lib/i386-linux-gnu/libXau.so.6.0.0
6a504000-6a513000 r--s 0016d000 08:05 201385     /media/sonhung/MOUNTHERO/FIS-TES/Ubuntu/Ubuntu-FIS-TES-Projects/PMSReport/libs/libs_base/ojdbc14.jar
6a513000-6a51a000 r--s 00059000 08:05 201383     /media/sonhung/MOUNTHERO/FIS-TES/Ubuntu/Ubuntu-FIS-TES-Projects/PMSReport/libs/libs_base/log4j-1.2.15.jar
6a51a000-6a52e000 r--s 001a3000 08:05 201382     /media/sonhung/MOUNTHERO/FIS-TES/Ubuntu/Ubuntu-FIS-TES-Projects/PMSReport/libs/libs_base/jgroups-3.0.14.Final.jar
6a52e000-6a531000 ---p 00000000 00:00 0 
6a531000-6a57f000 rw-p 00000000 00:00 0          [stack:11759]
6a57f000-6a580000 ---p 00000000 00:00 0 
6a580000-6a600000 rw-p 00000000 00:00 0          [stack:11756]
6a600000-6a700000 rw-p 00000000 00:00 0 
6a703000-6a708000 r-xp 00000000 08:07 1308266    /usr/lib/i386-linux-gnu/libffi.so.6.0.1
6a708000-6a709000 r--p 00005000 08:07 1308266    /usr/lib/i386-linux-gnu/libffi.so.6.0.1
6a709000-6a70a000 rw-p 00006000 08:07 1308266    /usr/lib/i386-linux-gnu/libffi.so.6.0.1
6a70a000-6a70d000 ---p 00000000 00:00 0 
6a70d000-6a75b000 rw-p 00000000 00:00 0          [stack:11758]
6a75b000-6a90c000 r--s 01d25000 08:07 1309580    /usr/lib/jvm/java-7-openjdk-i386/jre/lib/rt.jar
6a90c000-6d000000 rw-p 00000000 00:00 0 
6d000000-6d021000 rw-p 00000000 00:00 0 
6d021000-6d100000 ---p 00000000 00:00 0 
6d102000-6d119000 r-xp 00000000 08:07 1315165    /usr/lib/jvm/java-7-openjdk-i386/jre/lib/i386/libnet.so
6d119000-6d11a000 r--p 00016000 08:07 1315165    /usr/lib/jvm/java-7-openjdk-i386/jre/lib/i386/libnet.so
6d11a000-6d11b000 rw-p 00017000 08:07 1315165    /usr/lib/jvm/java-7-openjdk-i386/jre/lib/i386/libnet.so
6d11b000-6d12c000 r-xp 00000000 08:07 1315155    /usr/lib/jvm/java-7-openjdk-i386/jre/lib/i386/libnio.so
6d12c000-6d12d000 r--p 00010000 08:07 1315155    /usr/lib/jvm/java-7-openjdk-i386/jre/lib/i386/libnio.so
6d12d000-6d12e000 rw-p 00011000 08:07 1315155    /usr/lib/jvm/java-7-openjdk-i386/jre/lib/i386/libnio.so
6d12e000-6d131000 ---p 00000000 00:00 0 
6d131000-6d17f000 rw-p 00000000 00:00 0          [stack:11757]
6d17f000-6d180000 ---p 00000000 00:00 0 
6d180000-6d200000 rw-p 00000000 00:00 0          [stack:11755]
6d200000-6d221000 rw-p 00000000 00:00 0 
6d221000-6d300000 ---p 00000000 00:00 0 
6d301000-6d316000 r--s 00055000 08:05 201366     /media/sonhung/MOUNTHERO/FIS-TES/Ubuntu/Ubuntu-FIS-TES-Projects/PMSReport/libs/apache_poi/xmlbeans-xmlpublic-2.4.0.jar
6d316000-6d336000 r--s 001a9000 08:05 201340     /media/sonhung/MOUNTHERO/FIS-TES/Ubuntu/Ubuntu-FIS-TES-Projects/PMSReport/libs/apache_poi/poi-3.9.jar
6d336000-6d37f000 rw-p 00000000 00:00 0 
6d37f000-6d380000 ---p 00000000 00:00 0 
6d380000-6d400000 rw-p 00000000 00:00 0          [stack:11754]
6d400000-6d500000 rw-p 00000000 00:00 0 
6d501000-6d504000 r-xp 00000000 08:07 1312062    /usr/lib/i386-linux-gnu/libgmodule-2.0.so.0.4002.0
6d504000-6d505000 r--p 00002000 08:07 1312062    /usr/lib/i386-linux-gnu/libgmodule-2.0.so.0.4002.0
6d505000-6d506000 rw-p 00003000 08:07 1312062    /usr/lib/i386-linux-gnu/libgmodule-2.0.so.0.4002.0
6d506000-6d50f000 r--s 000d7000 08:05 201378     /media/sonhung/MOUNTHERO/FIS-TES/Ubuntu/Ubuntu-FIS-TES-Projects/PMSReport/libs/libs_base/FSSServerLib-v4.0.8-Clustering.jar
6d50f000-6d512000 r--s 00016000 08:05 201372     /media/sonhung/MOUNTHERO/FIS-TES/Ubuntu/Ubuntu-FIS-TES-Projects/PMSReport/libs/libs_base/commons-pool-1.5.6.jar
6d512000-6d51e000 r--s 000d9000 08:05 201341     /media/sonhung/MOUNTHERO/FIS-TES/Ubuntu/Ubuntu-FIS-TES-Projects/PMSReport/libs/apache_poi/poi-ooxml-3.9.jar
6d51e000-6d524000 r--s 00060000 08:05 201339     /media/sonhung/MOUNTHERO/FIS-TES/Ubuntu/Ubuntu-FIS-TES-Projects/PMSReport/libs/apache_poi/dom4j-1.5.jar
6d524000-6d57f000 rw-p 00000000 00:00 0 
6d57f000-6d580000 ---p 00000000 00:00 0 
6d580000-6d600000 rw-p 00000000 00:00 0          [stack:11753]
6d600000-6d6fb000 rw-p 00000000 00:00 0 
6d6fb000-6d700000 ---p 00000000 00:00 0 
6d702000-6d705000 r--s 00022000 08:05 201370     /media/sonhung/MOUNTHERO/FIS-TES/Ubuntu/Ubuntu-FIS-TES-Projects/PMSReport/libs/libs_base/commons-dbcp-1.3.jar
6d705000-6d709000 r--s 00085000 08:07 1368261    /usr/lib/jvm/java-7-openjdk-i386/jre/lib/ext/localedata.jar
6d709000-6d70d000 r--s 00034000 08:07 1368256    /usr/lib/jvm/java-7-openjdk-i386/jre/lib/ext/sunjce_provider.jar
6d70d000-6d70e000 ---p 00000000 00:00 0 
6d70e000-6d796000 rw-p 00000000 00:00 0          [stack:11752]
6d796000-6d7ce000 rw-p 00000000 00:00 0 
6d7ce000-6d7e3000 rw-p 00000000 00:00 0 
6d7e3000-6d915000 rw-p 00000000 00:00 0 
6d915000-6d91d000 rw-p 00000000 00:00 0 
6d91d000-6d955000 rw-p 00000000 00:00 0 
6d955000-6d96a000 rw-p 00000000 00:00 0 
6d96a000-6da9b000 rw-p 00000000 00:00 0 
6da9b000-6daa6000 rw-p 00000000 00:00 0 
6daa6000-6db3f000 rw-p 00000000 00:00 0 
6db3f000-6eb40000 rw-p 00000000 00:00 0 
6eb40000-75b40000 rw-p 00000000 00:00 0 
75b40000-78400000 rw-p 00000000 00:00 0 
78400000-9e880000 rw-p 00000000 00:00 0 
9e880000-9fd00000 rw-p 00000000 00:00 0 
9fd00000-b2f40000 rw-p 00000000 00:00 0 
b2f40000-b2f42000 r--s 00006000 08:07 4691       /usr/share/java/java-atk-wrapper.jar
b2f42000-b2f44000 r--s 00012000 08:07 1368259    /usr/lib/jvm/java-7-openjdk-i386/jre/lib/ext/zipfs.jar
b2f44000-b2f67000 rw-p 00000000 00:00 0 
b2f67000-b301e000 rw-p 00000000 00:00 0 
b301e000-b325e000 rwxp 00000000 00:00 0 
b325e000-b601e000 rw-p 00000000 00:00 0 
b601e000-b6029000 r-xp 00000000 08:07 527520     /lib/i386-linux-gnu/libnss_files-2.19.so
b6029000-b602a000 r--p 0000a000 08:07 527520     /lib/i386-linux-gnu/libnss_files-2.19.so
b602a000-b602b000 rw-p 0000b000 08:07 527520     /lib/i386-linux-gnu/libnss_files-2.19.so
b602b000-b6035000 r-xp 00000000 08:07 527733     /lib/i386-linux-gnu/libnss_nis-2.19.so
b6035000-b6036000 r--p 00009000 08:07 527733     /lib/i386-linux-gnu/libnss_nis-2.19.so
b6036000-b6037000 rw-p 0000a000 08:07 527733     /lib/i386-linux-gnu/libnss_nis-2.19.so
b6037000-b604c000 r-xp 00000000 08:07 583036     /lib/i386-linux-gnu/libnsl-2.19.so
b604c000-b604d000 r--p 00015000 08:07 583036     /lib/i386-linux-gnu/libnsl-2.19.so
b604d000-b604e000 rw-p 00016000 08:07 583036     /lib/i386-linux-gnu/libnsl-2.19.so
b604e000-b6050000 rw-p 00000000 00:00 0 
b6050000-b61c0000 r--p 0072b000 08:07 1314984    /usr/lib/locale/locale-archive
b61c0000-b63c0000 r--p 00000000 08:07 1314984    /usr/lib/locale/locale-archive
b63c0000-b63fe000 r-xp 00000000 08:07 1315162    /usr/lib/jvm/java-7-openjdk-i386/jre/lib/i386/libjdwp.so
b63fe000-b63ff000 r--p 0003d000 08:07 1315162    /usr/lib/jvm/java-7-openjdk-i386/jre/lib/i386/libjdwp.so
b63ff000-b6400000 rw-p 0003e000 08:07 1315162    /usr/lib/jvm/java-7-openjdk-i386/jre/lib/i386/libjdwp.so
b6400000-b64fa000 rw-p 00000000 00:00 0 
b64fa000-b6500000 ---p 00000000 00:00 0 
b6500000-b6503000 r--s 0000f000 08:07 1368257    /usr/lib/jvm/java-7-openjdk-i386/jre/lib/ext/icedtea-sound.jar
b6503000-b6507000 r--s 0003c000 08:07 1368258    /usr/lib/jvm/java-7-openjdk-i386/jre/lib/ext/sunpkcs11.jar
b6507000-b650e000 r-xp 00000000 08:07 527518     /lib/i386-linux-gnu/libnss_compat-2.19.so
b650e000-b650f000 r--p 00006000 08:07 527518     /lib/i386-linux-gnu/libnss_compat-2.19.so
b650f000-b6510000 rw-p 00007000 08:07 527518     /lib/i386-linux-gnu/libnss_compat-2.19.so
b6510000-b6511000 rw-p 00000000 00:00 0 
b6511000-b6515000 r-xp 00000000 08:07 1320997    /usr/lib/jvm/java-7-openjdk-i386/jre/lib/i386/libdt_socket.so
b6515000-b6516000 r--p 00003000 08:07 1320997    /usr/lib/jvm/java-7-openjdk-i386/jre/lib/i386/libdt_socket.so
b6516000-b6517000 rw-p 00004000 08:07 1320997    /usr/lib/jvm/java-7-openjdk-i386/jre/lib/i386/libdt_socket.so
b6517000-b651f000 r-xp 00000000 08:07 1313171    /usr/lib/jvm/java-7-openjdk-i386/jre/lib/i386/libzip.so
b651f000-b6520000 r--p 00007000 08:07 1313171    /usr/lib/jvm/java-7-openjdk-i386/jre/lib/i386/libzip.so
b6520000-b6521000 rw-p 00008000 08:07 1313171    /usr/lib/jvm/java-7-openjdk-i386/jre/lib/i386/libzip.so
b6521000-b6529000 rw-s 00000000 08:07 1207154    /tmp/hsperfdata_sonhung/11744
b6529000-b6550000 r-xp 00000000 08:07 1313169    /usr/lib/jvm/java-7-openjdk-i386/jre/lib/i386/libjava.so
b6550000-b6551000 r--p 00026000 08:07 1313169    /usr/lib/jvm/java-7-openjdk-i386/jre/lib/i386/libjava.so
b6551000-b6552000 rw-p 00027000 08:07 1313169    /usr/lib/jvm/java-7-openjdk-i386/jre/lib/i386/libjava.so
b6552000-b6559000 r-xp 00000000 08:07 527508     /lib/i386-linux-gnu/librt-2.19.so
b6559000-b655a000 r--p 00006000 08:07 527508     /lib/i386-linux-gnu/librt-2.19.so
b655a000-b655b000 rw-p 00007000 08:07 527508     /lib/i386-linux-gnu/librt-2.19.so
b655b000-b655e000 ---p 00000000 00:00 0 
b655e000-b65ac000 rw-p 00000000 00:00 0          [stack:11751]
b65ac000-b65c8000 r-xp 00000000 08:07 523757     /lib/i386-linux-gnu/libgcc_s.so.1
b65c8000-b65c9000 rw-p 0001b000 08:07 523757     /lib/i386-linux-gnu/libgcc_s.so.1
b65c9000-b660d000 r-xp 00000000 08:07 583037     /lib/i386-linux-gnu/libm-2.19.so
b660d000-b660e000 r--p 00043000 08:07 583037     /lib/i386-linux-gnu/libm-2.19.so
b660e000-b660f000 rw-p 00044000 08:07 583037     /lib/i386-linux-gnu/libm-2.19.so
b660f000-b66eb000 r-xp 00000000 08:07 1308507    /usr/lib/i386-linux-gnu/libstdc++.so.6.0.19
b66eb000-b66ec000 ---p 000dc000 08:07 1308507    /usr/lib/i386-linux-gnu/libstdc++.so.6.0.19
b66ec000-b66f0000 r--p 000dc000 08:07 1308507    /usr/lib/i386-linux-gnu/libstdc++.so.6.0.19
b66f0000-b66f1000 rw-p 000e0000 08:07 1308507    /usr/lib/i386-linux-gnu/libstdc++.so.6.0.19
b66f1000-b66f8000 rw-p 00000000 00:00 0 
b66f8000-b70e3000 r-xp 00000000 08:07 1315168    /usr/lib/jvm/java-7-openjdk-i386/jre/lib/i386/server/libjvm.so
b70e3000-b70e4000 ---p 009eb000 08:07 1315168    /usr/lib/jvm/java-7-openjdk-i386/jre/lib/i386/server/libjvm.so
b70e4000-b7136000 r--p 009eb000 08:07 1315168    /usr/lib/jvm/java-7-openjdk-i386/jre/lib/i386/server/libjvm.so
b7136000-b714a000 rw-p 00a3d000 08:07 1315168    /usr/lib/jvm/java-7-openjdk-i386/jre/lib/i386/server/libjvm.so
b714a000-b7567000 rw-p 00000000 00:00 0 
b7567000-b757f000 r-xp 00000000 08:07 524372     /lib/i386-linux-gnu/libz.so.1.2.8
b757f000-b7580000 r--p 00017000 08:07 524372     /lib/i386-linux-gnu/libz.so.1.2.8
b7580000-b7581000 rw-p 00018000 08:07 524372     /lib/i386-linux-gnu/libz.so.1.2.8
b7581000-b7582000 rw-p 00000000 00:00 0 
b7582000-b759a000 r-xp 00000000 08:07 527526     /lib/i386-linux-gnu/libpthread-2.19.so
b759a000-b759b000 r--p 00018000 08:07 527526     /lib/i386-linux-gnu/libpthread-2.19.so
b759b000-b759c000 rw-p 00019000 08:07 527526     /lib/i386-linux-gnu/libpthread-2.19.so
b759c000-b759e000 rw-p 00000000 00:00 0 
b759e000-b75a1000 r-xp 00000000 08:07 547326     /lib/i386-linux-gnu/libdl-2.19.so
b75a1000-b75a2000 r--p 00002000 08:07 547326     /lib/i386-linux-gnu/libdl-2.19.so
b75a2000-b75a3000 rw-p 00003000 08:07 547326     /lib/i386-linux-gnu/libdl-2.19.so
b75a3000-b774c000 r-xp 00000000 08:07 527522     /lib/i386-linux-gnu/libc-2.19.so
b774c000-b774e000 r--p 001a9000 08:07 527522     /lib/i386-linux-gnu/libc-2.19.so
b774e000-b774f000 rw-p 001ab000 08:07 527522     /lib/i386-linux-gnu/libc-2.19.so
b774f000-b7752000 rw-p 00000000 00:00 0 
b7752000-b7753000 r--s 00002000 08:07 1368260    /usr/lib/jvm/java-7-openjdk-i386/jre/lib/ext/dnsns.jar
b7753000-b7754000 r--p 009d6000 08:07 1314984    /usr/lib/locale/locale-archive
b7754000-b7757000 r-xp 00000000 08:07 1315161    /usr/lib/jvm/java-7-openjdk-i386/jre/lib/i386/libnpt.so
b7757000-b7758000 r--p 00002000 08:07 1315161    /usr/lib/jvm/java-7-openjdk-i386/jre/lib/i386/libnpt.so
b7758000-b7759000 rw-p 00003000 08:07 1315161    /usr/lib/jvm/java-7-openjdk-i386/jre/lib/i386/libnpt.so
b7759000-b775a000 rw-p 00000000 00:00 0 
b775a000-b775b000 r--p 00000000 00:00 0 
b775b000-b7769000 r-xp 00000000 08:07 1320991    /usr/lib/jvm/java-7-openjdk-i386/jre/lib/i386/libverify.so
b7769000-b776a000 r--p 0000d000 08:07 1320991    /usr/lib/jvm/java-7-openjdk-i386/jre/lib/i386/libverify.so
b776a000-b776b000 rw-p 0000e000 08:07 1320991    /usr/lib/jvm/java-7-openjdk-i386/jre/lib/i386/libverify.so
b776b000-b7777000 r-xp 00000000 08:07 1320995    /usr/lib/jvm/java-7-openjdk-i386/jre/lib/i386/jli/libjli.so
b7777000-b7778000 r--p 0000c000 08:07 1320995    /usr/lib/jvm/java-7-openjdk-i386/jre/lib/i386/jli/libjli.so
b7778000-b7779000 rw-p 0000d000 08:07 1320995    /usr/lib/jvm/java-7-openjdk-i386/jre/lib/i386/jli/libjli.so
b7779000-b777c000 rw-p 00000000 00:00 0 
b777c000-b777d000 r-xp 00000000 00:00 0          [vdso]
b777d000-b779d000 r-xp 00000000 08:07 583039     /lib/i386-linux-gnu/ld-2.19.so
b779d000-b779e000 r--p 0001f000 08:07 583039     /lib/i386-linux-gnu/ld-2.19.so
b779e000-b779f000 rw-p 00020000 08:07 583039     /lib/i386-linux-gnu/ld-2.19.so
bfb71000-bfb72000 rwxp 00000000 00:00 0 
bfba3000-bfbc5000 rw-p 00000000 00:00 0          [stack]

VM Arguments:
jvm_args: -agentlib:jdwp=transport=dt_socket,suspend=y,address=localhost:42860 -Dfile.encoding=UTF-8 
java_command: com.fis.report.Pms3GWeeklyReport
Launcher Type: SUN_STANDARD

Environment Variables:
JAVA_HOME=/usr/lib/jvm/java-7-openjdk-i386/
PATH=/usr/local/sbin:/usr/local/bin:/usr/sbin:/usr/bin:/sbin:/bin:/usr/games:/usr/local/games
LD_LIBRARY_PATH=/usr/lib/jvm/java-7-openjdk-i386/jre/lib/i386/server:/usr/lib/jvm/java-7-openjdk-i386/jre/lib/i386:/usr/lib/jvm/java-7-openjdk-i386/jre/../lib/i386:/usr/lib/jvm/java-7-openjdk-i386/jre/lib/i386/client:/usr/lib/jvm/java-7-openjdk-i386/jre/lib/i386:
SHELL=/bin/bash
DISPLAY=:0

Signal Handlers:
SIGSEGV: [libjvm.so+0x80a5e0], sa_mask[0]=0x7ffbfeff, sa_flags=0x10000004
SIGBUS: [libjvm.so+0x80a5e0], sa_mask[0]=0x7ffbfeff, sa_flags=0x10000004
SIGFPE: [libjvm.so+0x6844f0], sa_mask[0]=0x7ffbfeff, sa_flags=0x10000004
SIGPIPE: [libjvm.so+0x6844f0], sa_mask[0]=0x7ffbfeff, sa_flags=0x10000004
SIGXFSZ: [libjvm.so+0x6844f0], sa_mask[0]=0x7ffbfeff, sa_flags=0x10000004
SIGILL: [libjvm.so+0x6844f0], sa_mask[0]=0x7ffbfeff, sa_flags=0x10000004
SIGUSR1: SIG_DFL, sa_mask[0]=0x00000000, sa_flags=0x00000000
SIGUSR2: [libjvm.so+0x684380], sa_mask[0]=0x00000004, sa_flags=0x10000004
SIGHUP: [libjvm.so+0x6845b0], sa_mask[0]=0x7ffbfeff, sa_flags=0x10000004
SIGINT: [libjvm.so+0x6845b0], sa_mask[0]=0x7ffbfeff, sa_flags=0x10000004
SIGTERM: [libjvm.so+0x6845b0], sa_mask[0]=0x7ffbfeff, sa_flags=0x10000004
SIGQUIT: [libjvm.so+0x6845b0], sa_mask[0]=0x7ffbfeff, sa_flags=0x10000004
SIGTRAP: SIG_DFL, sa_mask[0]=0x00000000, sa_flags=0x00000000


---------------  S Y S T E M  ---------------

OS:Ubuntu 14.04 (trusty)
uname:Linux 3.13.0-44-generic #73-Ubuntu SMP Tue Dec 16 00:23:46 UTC 2014 i686
libc:glibc 2.19 NPTL 2.19 
rlimit: STACK 8192k, CORE 0k, NPROC 31197, NOFILE 4096, AS infinity
load average:1.11 0.93 0.72

/proc/meminfo:
MemTotal:        4012504 kB
MemFree:          211252 kB
Buffers:           16760 kB
Cached:           706136 kB
SwapCached:         2168 kB
Active:          2717228 kB
Inactive:         953044 kB
Active(anon):    2571896 kB
Inactive(anon):   806612 kB
Active(file):     145332 kB
Inactive(file):   146432 kB
Unevictable:          80 kB
Mlocked:              80 kB
HighTotal:       3159764 kB
HighFree:          41100 kB
LowTotal:         852740 kB
LowFree:          170152 kB
SwapTotal:       4068348 kB
SwapFree:        3992392 kB
Dirty:                92 kB
Writeback:             0 kB
AnonPages:       2945476 kB
Mapped:           317924 kB
Shmem:            431132 kB
Slab:              71120 kB
SReclaimable:      39756 kB
SUnreclaim:        31364 kB
KernelStack:        6768 kB
PageTables:        24644 kB
NFS_Unstable:          0 kB
Bounce:                0 kB
WritebackTmp:          0 kB
CommitLimit:     6074600 kB
Committed_AS:    9172776 kB
VmallocTotal:     122880 kB
VmallocUsed:       18288 kB
VmallocChunk:     100084 kB
HardwareCorrupted:     0 kB
AnonHugePages:   1271808 kB
HugePages_Total:       0
HugePages_Free:        0
HugePages_Rsvd:        0
HugePages_Surp:        0
Hugepagesize:       2048 kB
DirectMap4k:       38904 kB
DirectMap2M:      872448 kB


CPU:total 4 (2 cores per cpu, 2 threads per core) family 6 model 58 stepping 9, cmov, cx8, fxsr, mmx, sse, sse2, sse3, ssse3, sse4.1, sse4.2, popcnt, avx, aes, erms, ht, tsc, tscinvbit, tscinv

/proc/cpuinfo:
processor	: 0
vendor_id	: GenuineIntel
cpu family	: 6
model		: 58
model name	: Intel(R) Core(TM) i5-3230M CPU @ 2.60GHz
stepping	: 9
microcode	: 0x15
cpu MHz		: 2400.000
cache size	: 3072 KB
physical id	: 0
siblings	: 4
core id		: 0
cpu cores	: 2
apicid		: 0
initial apicid	: 0
fdiv_bug	: no
f00f_bug	: no
coma_bug	: no
fpu		: yes
fpu_exception	: yes
cpuid level	: 13
wp		: yes
flags		: fpu vme de pse tsc msr pae mce cx8 apic sep mtrr pge mca cmov pat pse36 clflush dts acpi mmx fxsr sse sse2 ss ht tm pbe nx rdtscp lm constant_tsc arch_perfmon pebs bts xtopology nonstop_tsc aperfmperf eagerfpu pni pclmulqdq dtes64 monitor ds_cpl vmx est tm2 ssse3 cx16 xtpr pdcm pcid sse4_1 sse4_2 x2apic popcnt tsc_deadline_timer aes xsave avx f16c rdrand lahf_lm ida arat epb xsaveopt pln pts dtherm tpr_shadow vnmi flexpriority ept vpid fsgsbase smep erms
bogomips	: 5187.85
clflush size	: 64
cache_alignment	: 64
address sizes	: 36 bits physical, 48 bits virtual
power management:

processor	: 1
vendor_id	: GenuineIntel
cpu family	: 6
model		: 58
model name	: Intel(R) Core(TM) i5-3230M CPU @ 2.60GHz
stepping	: 9
microcode	: 0x15
cpu MHz		: 1200.000
cache size	: 3072 KB
physical id	: 0
siblings	: 4
core id		: 1
cpu cores	: 2
apicid		: 2
initial apicid	: 2
fdiv_bug	: no
f00f_bug	: no
coma_bug	: no
fpu		: yes
fpu_exception	: yes
cpuid level	: 13
wp		: yes
flags		: fpu vme de pse tsc msr pae mce cx8 apic sep mtrr pge mca cmov pat pse36 clflush dts acpi mmx fxsr sse sse2 ss ht tm pbe nx rdtscp lm constant_tsc arch_perfmon pebs bts xtopology nonstop_tsc aperfmperf eagerfpu pni pclmulqdq dtes64 monitor ds_cpl vmx est tm2 ssse3 cx16 xtpr pdcm pcid sse4_1 sse4_2 x2apic popcnt tsc_deadline_timer aes xsave avx f16c rdrand lahf_lm ida arat epb xsaveopt pln pts dtherm tpr_shadow vnmi flexpriority ept vpid fsgsbase smep erms
bogomips	: 5187.85
clflush size	: 64
cache_alignment	: 64
address sizes	: 36 bits physical, 48 bits virtual
power management:

processor	: 2
vendor_id	: GenuineIntel
cpu family	: 6
model		: 58
model name	: Intel(R) Core(TM) i5-3230M CPU @ 2.60GHz
stepping	: 9
microcode	: 0x15
cpu MHz		: 2601.000
cache size	: 3072 KB
physical id	: 0
siblings	: 4
core id		: 0
cpu cores	: 2
apicid		: 1
initial apicid	: 1
fdiv_bug	: no
f00f_bug	: no
coma_bug	: no
fpu		: yes
fpu_exception	: yes
cpuid level	: 13
wp		: yes
flags		: fpu vme de pse tsc msr pae mce cx8 apic sep mtrr pge mca cmov pat pse36 clflush dts acpi mmx fxsr sse sse2 ss ht tm pbe nx rdtscp lm constant_tsc arch_perfmon pebs bts xtopology nonstop_tsc aperfmperf eagerfpu pni pclmulqdq dtes64 monitor ds_cpl vmx est tm2 ssse3 cx16 xtpr pdcm pcid sse4_1 sse4_2 x2apic popcnt tsc_deadline_timer aes xsave avx f16c rdrand lahf_lm ida arat epb xsaveopt pln pts dtherm tpr_shadow vnmi flexpriority ept vpid fsgsbase smep erms
bogomips	: 5187.85
clflush size	: 64
cache_alignment	: 64
address sizes	: 36 bits physical, 48 bits virtual
power management:

processor	: 3
vendor_id	: GenuineIntel
cpu family	: 6
model		: 58
model name	: Intel(R) Core(TM) i5-3230M CPU @ 2.60GHz
stepping	: 9
microcode	: 0x15
cpu MHz		: 1400.000
cache size	: 3072 KB
physical id	: 0
siblings	: 4
core id		: 1
cpu cores	: 2
apicid		: 3
initial apicid	: 3
fdiv_bug	: no
f00f_bug	: no
coma_bug	: no
fpu		: yes
fpu_exception	: yes
cpuid level	: 13
wp		: yes
flags		: fpu vme de pse tsc msr pae mce cx8 apic sep mtrr pge mca cmov pat pse36 clflush dts acpi mmx fxsr sse sse2 ss ht tm pbe nx rdtscp lm constant_tsc arch_perfmon pebs bts xtopology nonstop_tsc aperfmperf eagerfpu pni pclmulqdq dtes64 monitor ds_cpl vmx est tm2 ssse3 cx16 xtpr pdcm pcid sse4_1 sse4_2 x2apic popcnt tsc_deadline_timer aes xsave avx f16c rdrand lahf_lm ida arat epb xsaveopt pln pts dtherm tpr_shadow vnmi flexpriority ept vpid fsgsbase smep erms
bogomips	: 5187.85
clflush size	: 64
cache_alignment	: 64
address sizes	: 36 bits physical, 48 bits virtual
power management:



Memory: 4k page, physical 4012504k(211120k free), swap 4068348k(3992392k free)

vm_info: OpenJDK Server VM (24.65-b04) for linux-x86 JRE (1.7.0_65-b32), built on Oct 22 2014 04:44:59 by "buildd" with gcc 4.8.2

time: Mon Dec 22 13:53:36 2014
elapsed time: 44 seconds

